c:\users\olive\documents\github\foggs-hellogl\hellogl\debug\vc142.pdb
c:\users\olive\documents\github\foggs-hellogl\hellogl\debug\vc142.idb
c:\users\olive\documents\github\foggs-hellogl\hellogl\debug\texture2d.obj
c:\users\olive\documents\github\foggs-hellogl\hellogl\debug\sceneobject.obj
c:\users\olive\documents\github\foggs-hellogl\hellogl\debug\pyramid.obj
c:\users\olive\documents\github\foggs-hellogl\hellogl\debug\meshloader.obj
c:\users\olive\documents\github\foggs-hellogl\hellogl\debug\main.obj
c:\users\olive\documents\github\foggs-hellogl\hellogl\debug\hellogl.obj
c:\users\olive\documents\github\foggs-hellogl\hellogl\debug\glutcallbacks.obj
c:\users\olive\documents\github\foggs-hellogl\hellogl\debug\cube.obj
c:\users\olive\documents\github\foggs-hellogl\debug\hellogl.pdb
c:\users\olive\documents\github\foggs-hellogl\hellogl\debug\hellogl.tlog\cl.command.1.tlog
c:\users\olive\documents\github\foggs-hellogl\hellogl\debug\hellogl.tlog\cl.read.1.tlog
c:\users\olive\documents\github\foggs-hellogl\hellogl\debug\hellogl.tlog\cl.write.1.tlog
c:\users\olive\documents\github\foggs-hellogl\hellogl\debug\hellogl.tlog\link-cvtres.read.1.tlog
c:\users\olive\documents\github\foggs-hellogl\hellogl\debug\hellogl.tlog\link-cvtres.write.1.tlog
c:\users\olive\documents\github\foggs-hellogl\hellogl\debug\hellogl.tlog\link-rc.read.1.tlog
c:\users\olive\documents\github\foggs-hellogl\hellogl\debug\hellogl.tlog\link-rc.write.1.tlog
c:\users\olive\documents\github\foggs-hellogl\hellogl\debug\hellogl.tlog\link.command.1.tlog
c:\users\olive\documents\github\foggs-hellogl\hellogl\debug\hellogl.tlog\link.read.1.tlog
c:\users\olive\documents\github\foggs-hellogl\hellogl\debug\hellogl.tlog\link.write.1.tlog
